<?xml version="1.0" encoding="UTF-8"?>
<!-- Generated by org.testng.reporters.JUnitXMLReporter -->
<testsuite ignored="0" hostname="Bhabani_Pro" failures="0" tests="3" name="Default test" time="24.859" errors="0" timestamp="2024-03-12T09:54:55 IST">
  <testcase classname="com.ecom.qa.testcases.FragrancePageTest" name="validatePageTitle" time="0.033"/>
  <testcase classname="com.ecom.qa.testcases.FragrancePageTest" name="validatePageLabel" time="0.081"/>
  <testcase classname="com.ecom.qa.testcases.FragrancePageTest" name="clickMenLink" time="0.76"/>
</testsuite> <!-- Default test -->
