<?xml version="1.0" encoding="UTF-8"?>
<!-- Generated by org.testng.reporters.JUnitXMLReporter -->
<testsuite ignored="0" hostname="Bhabani_Pro" failures="0" tests="12" name="Test" time="133.742" errors="0" timestamp="2024-03-31T10:22:49 IST">
  <testcase classname="com.ecom.qa.testcases.LoginPageTest" name="loginPageTitleTest" time="0.053"/>
  <testcase classname="com.ecom.qa.testcases.LoginPageTest" name="qaFoxLogoImageTest" time="0.117"/>
  <testcase classname="com.ecom.qa.testcases.LoginPageTest" name="loginTest" time="3.155"/>
  <testcase classname="com.ecom.qa.testcases.MenPageTest" name="validatePageTitle" time="0.018"/>
  <testcase classname="com.ecom.qa.testcases.MenPageTest" name="validatePageLabel" time="0.087"/>
  <testcase classname="com.ecom.qa.testcases.MenPageTest" name="clickMenLink" time="1.538"/>
  <testcase classname="com.ecom.qa.testcases.FragrancePageTest" name="validatePageTitle" time="0.026"/>
  <testcase classname="com.ecom.qa.testcases.FragrancePageTest" name="validatePageLabel" time="0.086"/>
  <testcase classname="com.ecom.qa.testcases.FragrancePageTest" name="clickMenLink" time="1.162"/>
  <testcase classname="com.ecom.qa.testcases.AccountPageTest" name="validateUserName" time="0.02"/>
  <testcase classname="com.ecom.qa.testcases.AccountPageTest" name="validateUserNameLabel" time="0.055"/>
  <testcase classname="com.ecom.qa.testcases.AccountPageTest" name="clickFragranceLink" time="1.222"/>
</testsuite> <!-- Test -->
