<?xml version="1.0" encoding="UTF-8"?>
<!-- Generated by org.testng.reporters.JUnitXMLReporter -->
<testsuite ignored="0" hostname="Bhabani_Pro" failures="0" tests="12" name="EcomTestCases" time="87.969" errors="0" timestamp="2024-03-12T10:07:42 IST">
  <testcase classname="com.ecom.qa.testcases.LoginPageTest" name="loginPageTitleTest" time="0.037"/>
  <testcase classname="com.ecom.qa.testcases.LoginPageTest" name="qaFoxLogoImageTest" time="0.034"/>
  <testcase classname="com.ecom.qa.testcases.LoginPageTest" name="loginTest" time="1.837"/>
  <testcase classname="com.ecom.qa.testcases.AccountPageTest" name="validateUserName" time="0.418"/>
  <testcase classname="com.ecom.qa.testcases.AccountPageTest" name="validateUserNameLabel" time="0.06"/>
  <testcase classname="com.ecom.qa.testcases.AccountPageTest" name="clickFragranceLink" time="0.797"/>
  <testcase classname="com.ecom.qa.testcases.FragrancePageTest" name="validatePageTitle" time="0.025"/>
  <testcase classname="com.ecom.qa.testcases.FragrancePageTest" name="validatePageLabel" time="0.061"/>
  <testcase classname="com.ecom.qa.testcases.FragrancePageTest" name="clickMenLink" time="0.778"/>
  <testcase classname="com.ecom.qa.testcases.MenPageTest" name="validatePageTitle" time="0.038"/>
  <testcase classname="com.ecom.qa.testcases.MenPageTest" name="validatePageLabel" time="0.081"/>
  <testcase classname="com.ecom.qa.testcases.MenPageTest" name="clickMenLink" time="0.981"/>
</testsuite> <!-- EcomTestCases -->
